<?xml version="1.0" encoding="UTF-8"?>
<robot generator="Robot 3.2.2 (Python 3.8.6 on win32)" generated="20210816 14:27:21.612" rpa="false">
<suite id="s1" name="Amazon" source="C:\development\robot-scripts\amazon\tests\Amazon.robot">
<test id="s1-t1" name="User must sign in to check out">
<kw name="Open Browser" library="SeleniumLibrary">
<doc>Opens a new browser instance to the optional ``url``.</doc>
<arguments>
<arg>http://www.amazon.com</arg>
<arg>${browser}</arg>
</arguments>
<msg timestamp="20210816 14:27:22.106" level="INFO">Opening browser 'chrome' to base url 'http://www.amazon.com'.</msg>
<status status="PASS" starttime="20210816 14:27:22.105" endtime="20210816 14:27:33.786"></status>
</kw>
<kw name="Maximize Browser Window" library="SeleniumLibrary">
<doc>Maximizes current browser window.</doc>
<status status="PASS" starttime="20210816 14:27:33.786" endtime="20210816 14:27:33.953"></status>
</kw>
<kw name="Wait Until Element Is Enabled" library="SeleniumLibrary">
<doc>Waits until the element ``locator`` is enabled.</doc>
<arguments>
<arg>id=twotabsearchtextbox</arg>
</arguments>
<status status="PASS" starttime="20210816 14:27:33.953" endtime="20210816 14:27:34.413"></status>
</kw>
<kw name="Input Text" library="SeleniumLibrary">
<doc>Types the given ``text`` into the text field identified by ``locator``.</doc>
<arguments>
<arg>id=twotabsearchtextbox</arg>
<arg>Ferrari 458</arg>
</arguments>
<msg timestamp="20210816 14:27:34.414" level="INFO">Typing text 'Ferrari 458' into text field 'id=twotabsearchtextbox'.</msg>
<status status="PASS" starttime="20210816 14:27:34.414" endtime="20210816 14:27:34.632"></status>
</kw>
<kw name="Click Button" library="SeleniumLibrary">
<doc>Clicks the button identified by ``locator``.</doc>
<arguments>
<arg>id=nav-search-submit-butto</arg>
</arguments>
<msg timestamp="20210816 14:27:34.632" level="INFO">Clicking button 'id=nav-search-submit-butto'.</msg>
<kw name="Capture Page Screenshot" library="SeleniumLibrary">
<doc>Takes a screenshot of the current page and embeds it into a log file.</doc>
<msg timestamp="20210816 14:27:35.219" level="INFO" html="yes">&lt;/td&gt;&lt;/tr&gt;&lt;tr&gt;&lt;td colspan="3"&gt;&lt;a href="selenium-screenshot-2.png"&gt;&lt;img src="selenium-screenshot-2.png" width="800px"&gt;&lt;/a&gt;</msg>
<status status="PASS" starttime="20210816 14:27:34.669" endtime="20210816 14:27:35.219"></status>
</kw>
<msg timestamp="20210816 14:27:35.230" level="FAIL">Button with locator 'id=nav-search-submit-butto' not found.</msg>
<status status="FAIL" starttime="20210816 14:27:34.632" endtime="20210816 14:27:35.230"></status>
</kw>
<doc>This is some basic info about the test</doc>
<tags>
<tag>smoke</tag>
</tags>
<status status="FAIL" starttime="20210816 14:27:22.104" endtime="20210816 14:27:35.230" critical="yes">Button with locator 'id=nav-search-submit-butto' not found.</status>
</test>
<doc>This is some basic info about the whole suite</doc>
<status status="FAIL" starttime="20210816 14:27:21.626" endtime="20210816 14:27:35.231"></status>
</suite>
<statistics>
<total>
<stat pass="0" fail="1">Critical Tests</stat>
<stat pass="0" fail="1">All Tests</stat>
</total>
<tag>
<stat pass="0" fail="1">smoke</stat>
</tag>
<suite>
<stat pass="0" fail="1" id="s1" name="Amazon">Amazon</stat>
</suite>
</statistics>
<errors>
</errors>
</robot>
