<?xml version="1.0" encoding="UTF-8"?>
<robot generator="Robot 3.2.2 (Python 3.8.6 on win32)" generated="20210816 14:04:22.457" rpa="false">
<suite id="s1" name="Amazon" source="C:\development\robot-scripts\amazon\tests\Amazon.robot">
<test id="s1-t1" name="User must sign in to check out">
<kw name="Open Browser" library="SeleniumLibrary">
<doc>Opens a new browser instance to the optional ``url``.</doc>
<arguments>
<arg>http://www.amazon.com</arg>
<arg>${browser}</arg>
</arguments>
<msg timestamp="20210816 14:04:23.176" level="INFO">Opening browser 'chrome' to base url 'http://www.amazon.com'.</msg>
<status status="PASS" starttime="20210816 14:04:23.175" endtime="20210816 14:04:37.849"></status>
</kw>
<kw name="Maximize Browser Window" library="SeleniumLibrary">
<doc>Maximizes current browser window.</doc>
<status status="PASS" starttime="20210816 14:04:37.849" endtime="20210816 14:04:38.074"></status>
</kw>
<kw name="Wait Until Element Is Enabled" library="SeleniumLibrary">
<doc>Waits until the element ``locator`` is enabled.</doc>
<arguments>
<arg>id=twotabsearchtextbox</arg>
</arguments>
<status status="PASS" starttime="20210816 14:04:38.074" endtime="20210816 14:04:39.021"></status>
</kw>
<kw name="Input Text" library="SeleniumLibrary">
<doc>Types the given ``text`` into the text field identified by ``locator``.</doc>
<arguments>
<arg>id=twotabsearchtextbox</arg>
<arg>Ferrari 458</arg>
</arguments>
<msg timestamp="20210816 14:04:39.022" level="INFO">Typing text 'Ferrari 458' into text field 'id=twotabsearchtextbox'.</msg>
<status status="PASS" starttime="20210816 14:04:39.021" endtime="20210816 14:04:39.458"></status>
</kw>
<kw name="Click Button" library="SeleniumLibrary">
<doc>Clicks the button identified by ``locator``.</doc>
<arguments>
<arg>id=nav-search-submit-button</arg>
</arguments>
<msg timestamp="20210816 14:04:39.461" level="INFO">Clicking button 'id=nav-search-submit-button'.</msg>
<status status="PASS" starttime="20210816 14:04:39.458" endtime="20210816 14:04:45.887"></status>
</kw>
<kw name="Wait Until Page Contains" library="SeleniumLibrary">
<doc>Waits until ``text`` appears on the current page.</doc>
<arguments>
<arg>results for "Ferrari 458"</arg>
</arguments>
<status status="PASS" starttime="20210816 14:04:45.887" endtime="20210816 14:04:45.933"></status>
</kw>
<kw name="Click Link" library="SeleniumLibrary">
<doc>Clicks a link identified by ``locator``.</doc>
<arguments>
<arg>css=#search &gt; div.s-desktop-width-max.s-desktop-content.s-opposite-dir.sg-row &gt; div.s-matching-dir.sg-col-16-of-20.sg-col.s-results-column.sg-col-8-of-12.sg-col-12-of-16 &gt; div.sg-col-inner &gt; span.rush-component.s-latency-cf-section &gt; div.s-main-slot.s-result-list.s-search-results.sg-row &gt; div:nth-child(3) &gt; div &gt; span &gt; div &gt; div &gt; div &gt; div:nth-child(1) &gt; h2 &gt; a</arg>
</arguments>
<msg timestamp="20210816 14:04:45.934" level="INFO">Clicking link 'css=#search &gt; div.s-desktop-width-max.s-desktop-content.s-opposite-dir.sg-row &gt; div.s-matching-dir.sg-col-16-of-20.sg-col.s-results-column.sg-col-8-of-12.sg-col-12-of-16 &gt; div.sg-col-inner &gt; span.rush-component.s-latency-cf-section &gt; div.s-main-slot.s-result-list.s-search-results.sg-row &gt; div:nth-child(3) &gt; div &gt; span &gt; div &gt; div &gt; div &gt; div:nth-child(1) &gt; h2 &gt; a'.</msg>
<kw name="Capture Page Screenshot" library="SeleniumLibrary">
<doc>Takes a screenshot of the current page and embeds it into a log file.</doc>
<msg timestamp="20210816 14:04:46.622" level="INFO" html="yes">&lt;/td&gt;&lt;/tr&gt;&lt;tr&gt;&lt;td colspan="3"&gt;&lt;a href="selenium-screenshot-1.png"&gt;&lt;img src="selenium-screenshot-1.png" width="800px"&gt;&lt;/a&gt;</msg>
<status status="PASS" starttime="20210816 14:04:45.964" endtime="20210816 14:04:46.623"></status>
</kw>
<msg timestamp="20210816 14:04:46.646" level="FAIL">Link with locator 'css=#search &gt; div.s-desktop-width-max.s-desktop-content.s-opposite-dir.sg-row &gt; div.s-matching-dir.sg-col-16-of-20.sg-col.s-results-column.sg-col-8-of-12.sg-col-12-of-16 &gt; div.sg-col-inner &gt; span.rush-component.s-latency-cf-section &gt; div.s-main-slot.s-result-list.s-search-results.sg-row &gt; div:nth-child(3) &gt; div &gt; span &gt; div &gt; div &gt; div &gt; div:nth-child(1) &gt; h2 &gt; a' not found.</msg>
<status status="FAIL" starttime="20210816 14:04:45.933" endtime="20210816 14:04:46.646"></status>
</kw>
<doc>This is some basic info about the test</doc>
<tags>
<tag>smoke</tag>
</tags>
<status status="FAIL" starttime="20210816 14:04:23.174" endtime="20210816 14:04:46.647" critical="yes">Link with locator 'css=#search &gt; div.s-desktop-width-max.s-desktop-content.s-opposite-dir.sg-row &gt; div.s-matching-dir.sg-col-16-of-20.sg-col.s-results-column.sg-col-8-of-12.sg-col-12-of-16 &gt; div.sg-col-inner &gt; span.rush-component.s-latency-cf-section &gt; div.s-main-slot.s-result-list.s-search-results.sg-row &gt; div:nth-child(3) &gt; div &gt; span &gt; div &gt; div &gt; div &gt; div:nth-child(1) &gt; h2 &gt; a' not found.</status>
</test>
<doc>This is some basic info about the whole suite</doc>
<status status="FAIL" starttime="20210816 14:04:22.467" endtime="20210816 14:04:46.649"></status>
</suite>
<statistics>
<total>
<stat pass="0" fail="1">Critical Tests</stat>
<stat pass="0" fail="1">All Tests</stat>
</total>
<tag>
<stat pass="0" fail="1">smoke</stat>
</tag>
<suite>
<stat pass="0" fail="1" id="s1" name="Amazon">Amazon</stat>
</suite>
</statistics>
<errors>
</errors>
</robot>
