<?xml version="1.0" encoding="UTF-8"?>
<robot generator="Robot 3.2.2 (Python 3.8.6 on win32)" generated="20210802 17:00:46.597" rpa="false">
<suite id="s1" name="Amazon" source="C:\development\robot-scripts\amazon\tests\amazon.robot">
<test id="s1-t1" name="User must sign in to check out">
<kw name="Open Browser" library="SeleniumLibrary">
<doc>Opens a new browser instance to the optional ``url``.</doc>
<arguments>
<arg>http://www.amazon.com</arg>
<arg>${browser}</arg>
</arguments>
<msg timestamp="20210802 17:00:46.992" level="INFO">Opening browser 'chrome' to base url 'http://www.amazon.com'.</msg>
<status status="PASS" starttime="20210802 17:00:46.992" endtime="20210802 17:00:58.103"></status>
</kw>
<kw name="Wait Until Element Is Enabled" library="SeleniumLibrary">
<doc>Waits until the element ``locator`` is enabled.</doc>
<arguments>
<arg>id=twotabsearchtextbox</arg>
</arguments>
<status status="PASS" starttime="20210802 17:00:58.104" endtime="20210802 17:00:58.294"></status>
</kw>
<kw name="Input Text" library="SeleniumLibrary">
<doc>Types the given ``text`` into the text field identified by ``locator``.</doc>
<arguments>
<arg>id=twotabsearchtextbox</arg>
<arg>Ferrari 458</arg>
</arguments>
<msg timestamp="20210802 17:00:58.295" level="INFO">Typing text 'Ferrari 458' into text field 'id=twotabsearchtextbox'.</msg>
<status status="PASS" starttime="20210802 17:00:58.295" endtime="20210802 17:00:58.686"></status>
</kw>
<kw name="Click Button" library="SeleniumLibrary">
<doc>Clicks the button identified by ``locator``.</doc>
<arguments>
<arg>id=nav-search-submit-button</arg>
</arguments>
<msg timestamp="20210802 17:00:58.688" level="INFO">Clicking button 'id=nav-search-submit-button'.</msg>
<status status="PASS" starttime="20210802 17:00:58.687" endtime="20210802 17:01:04.866"></status>
</kw>
<kw name="Wait Until Page Contains" library="SeleniumLibrary">
<doc>Waits until ``text`` appears on the current page.</doc>
<arguments>
<arg>results for "Ferrari 458"</arg>
</arguments>
<status status="PASS" starttime="20210802 17:01:04.867" endtime="20210802 17:01:05.021"></status>
</kw>
<kw name="Close Browser" library="SeleniumLibrary">
<doc>Closes the current browser.</doc>
<status status="PASS" starttime="20210802 17:01:05.022" endtime="20210802 17:01:07.685"></status>
</kw>
<doc>This is some basic info about the test</doc>
<tags>
<tag>Smoke</tag>
</tags>
<status status="PASS" starttime="20210802 17:00:46.991" endtime="20210802 17:01:07.686" critical="yes"></status>
</test>
<doc>This is some basic info about the whole suite</doc>
<status status="PASS" starttime="20210802 17:00:46.608" endtime="20210802 17:01:07.687"></status>
</suite>
<statistics>
<total>
<stat pass="1" fail="0">Critical Tests</stat>
<stat pass="1" fail="0">All Tests</stat>
</total>
<tag>
<stat pass="1" fail="0">Smoke</stat>
</tag>
<suite>
<stat pass="1" fail="0" id="s1" name="Amazon">Amazon</stat>
</suite>
</statistics>
<errors>
</errors>
</robot>
